<?xml version="1.0" encoding="UTF-8"?>
<!-- Generated by org.testng.reporters.JUnitReportReporter -->
<testsuite hostname="LAPTOP-DVH2O7RJ" failures="0" tests="1" name="org.tests.Test" time="0.016" errors="0" timestamp="2024-06-19T22:07:17 IST" skipped="0">
  <testcase classname="org.tests.Test" name="testName" time="0.016"/>
</testsuite> <!-- org.tests.Test -->
